{"/home/johannes/Development/nuxt-labs/nuxt-monorepo-starter/apps/demo/app/app.vue": {"path":"/home/johannes/Development/nuxt-labs/nuxt-monorepo-starter/apps/demo/app/app.vue","statementMap":{"0":{"start":{"line":2,"column":2},"end":{"line":3,"column":null}},"1":{"start":{"line":3,"column":16},"end":{"line":3,"column":null}}},"fnMap":{"0":{"name":"(anonymous_0)","decl":{"start":{"line":3,"column":4},"end":{"line":3,"column":16}},"loc":{"start":{"line":3,"column":16},"end":{"line":3,"column":null}},"line":3}},"branchMap":{},"s":{"0":1,"1":1},"f":{"0":1},"b":{},"meta":{"lastBranch":0,"lastFunction":1,"lastStatement":2,"seen":{"s:2:2:3:Infinity":0,"f:3:4:3:16":0,"s:3:16:3:Infinity":1}}}
,"/home/johannes/Development/nuxt-labs/nuxt-monorepo-starter/apps/demo/app/components/DemoHero.vue": {"path":"/home/johannes/Development/nuxt-labs/nuxt-monorepo-starter/apps/demo/app/components/DemoHero.vue","statementMap":{"0":{"start":{"line":2,"column":16},"end":{"line":2,"column":null}},"1":{"start":{"line":8,"column":11},"end":{"line":8,"column":null}},"2":{"start":{"line":14,"column":9},"end":{"line":14,"column":null}},"3":{"start":{"line":18,"column":11},"end":{"line":18,"column":53}},"4":{"start":{"line":22,"column":11},"end":{"line":22,"column":null}},"5":{"start":{"line":6,"column":2},"end":{"line":18,"column":69}},"6":{"start":{"line":11,"column":12},"end":{"line":10,"column":37}},"7":{"start":{"line":10,"column":28},"end":{"line":10,"column":37}},"8":{"start":{"line":29,"column":12},"end":{"line":28,"column":18}},"9":{"start":{"line":25,"column":8},"end":{"line":25,"column":18}},"10":{"start":{"line":28,"column":8},"end":{"line":28,"column":18}},"11":{"start":{"line":19,"column":10},"end":{"line":18,"column":69}}},"fnMap":{"0":{"name":"(anonymous_0)","decl":{"start":{"line":8,"column":6},"end":{"line":8,"column":11}},"loc":{"start":{"line":11,"column":12},"end":{"line":10,"column":37}},"line":11},"1":{"name":"(anonymous_1)","decl":{"start":{"line":10,"column":16},"end":{"line":10,"column":28}},"loc":{"start":{"line":10,"column":28},"end":{"line":10,"column":37}},"line":10},"2":{"name":"(anonymous_2)","decl":{"start":{"line":22,"column":6},"end":{"line":22,"column":11}},"loc":{"start":{"line":29,"column":12},"end":{"line":28,"column":18}},"line":29},"3":{"name":"(anonymous_3)","decl":{"start":{"line":23,"column":81},"end":{"line":23,"column":null}},"loc":{"start":{"line":25,"column":8},"end":{"line":25,"column":18}},"line":25},"4":{"name":"(anonymous_4)","decl":{"start":{"line":26,"column":75},"end":{"line":26,"column":null}},"loc":{"start":{"line":28,"column":8},"end":{"line":28,"column":18}},"line":28},"5":{"name":"(anonymous_5)","decl":{"start":{"line":14,"column":4},"end":{"line":14,"column":9}},"loc":{"start":{"line":19,"column":10},"end":{"line":18,"column":69}},"line":19}},"branchMap":{"0":{"loc":{"start":{"line":10,"column":28},"end":{"line":10,"column":37}},"type":"binary-expr","locations":[{"start":{"line":10,"column":28},"end":{"line":10,"column":37}},{"start":{"line":10,"column":28},"end":{"line":10,"column":37}}],"line":10},"1":{"loc":{"start":{"line":25,"column":8},"end":{"line":25,"column":18}},"type":"binary-expr","locations":[{"start":{"line":25,"column":8},"end":{"line":25,"column":18}},{"start":{"line":25,"column":8},"end":{"line":25,"column":18}}],"line":25},"2":{"loc":{"start":{"line":28,"column":8},"end":{"line":28,"column":18}},"type":"binary-expr","locations":[{"start":{"line":28,"column":8},"end":{"line":28,"column":18}},{"start":{"line":28,"column":8},"end":{"line":28,"column":18}}],"line":28},"3":{"loc":{"start":{"line":19,"column":10},"end":{"line":17,"column":10}},"type":"binary-expr","locations":[{"start":{"line":19,"column":10},"end":{"line":19,"column":null}},{"start":{"line":19,"column":10},"end":{"line":17,"column":10}}],"line":19}},"s":{"0":3,"1":1,"2":1,"3":1,"4":1,"5":3,"6":3,"7":3,"8":3,"9":3,"10":3,"11":3},"f":{"0":3,"1":3,"2":3,"3":3,"4":3,"5":3},"b":{"0":[3,3],"1":[3,3],"2":[3,3],"3":[3,3]},"meta":{"lastBranch":4,"lastFunction":6,"lastStatement":12,"seen":{"s:2:16:2:Infinity":0,"s:8:11:8:Infinity":1,"s:14:9:14:Infinity":2,"s:18:11:18:53":3,"s:22:11:22:Infinity":4,"s:6:2:18:69":5,"f:8:6:8:11":0,"s:11:12:10:37":6,"f:10:16:10:28":1,"s:10:28:10:37":7,"b:10:28:10:37:10:28:10:37":0,"f:22:6:22:11":2,"s:29:12:28:18":8,"f:23:81:23:Infinity":3,"s:25:8:25:18":9,"b:25:8:25:18:25:8:25:18":1,"f:26:75:26:Infinity":4,"s:28:8:28:18":10,"b:28:8:28:18:28:8:28:18":2,"f:14:4:14:9":5,"s:19:10:18:69":11,"b:19:10:19:Infinity:19:10:17:10":3}}}
,"/home/johannes/Development/nuxt-labs/nuxt-monorepo-starter/apps/demo/app/pages/index.vue": {"path":"/home/johannes/Development/nuxt-labs/nuxt-monorepo-starter/apps/demo/app/pages/index.vue","statementMap":{"0":{"start":{"line":5,"column":7},"end":{"line":5,"column":null}},"1":{"start":{"line":5,"column":2},"end":{"line":7,"column":null}}},"fnMap":{},"branchMap":{},"s":{"0":1,"1":2},"f":{},"b":{},"meta":{"lastBranch":0,"lastFunction":0,"lastStatement":0,"seen":{}}}
,"/home/johannes/Development/nuxt-labs/nuxt-monorepo-starter/layers/layer-a/app/app.vue": {"path":"/home/johannes/Development/nuxt-labs/nuxt-monorepo-starter/layers/layer-a/app/app.vue","statementMap":{"0":{"start":{"line":2,"column":2},"end":{"line":2,"column":null}}},"fnMap":{},"branchMap":{},"s":{"0":1},"f":{},"b":{},"meta":{"lastBranch":0,"lastFunction":0,"lastStatement":1,"seen":{"s:2:2:2:Infinity":0}}}
,"/home/johannes/Development/nuxt-labs/nuxt-monorepo-starter/layers/layer-a/app/components/HelloWorld.vue": {"path":"/home/johannes/Development/nuxt-labs/nuxt-monorepo-starter/layers/layer-a/app/components/HelloWorld.vue","statementMap":{"0":{"start":{"line":2,"column":16},"end":{"line":2,"column":null}},"1":{"start":{"line":6,"column":2},"end":{"line":8,"column":28}}},"fnMap":{},"branchMap":{"0":{"loc":{"start":{"line":9,"column":8},"end":{"line":7,"column":25}},"type":"binary-expr","locations":[{"start":{"line":9,"column":8},"end":{"line":9,"column":null}},{"start":{"line":9,"column":8},"end":{"line":7,"column":25}}],"line":9}},"s":{"0":5,"1":5},"f":{},"b":{"0":[5,5]},"meta":{"lastBranch":1,"lastFunction":0,"lastStatement":2,"seen":{"s:2:16:2:Infinity":0,"s:6:2:8:28":1,"b:9:8:9:Infinity:9:8:7:25":0}}}
,"/home/johannes/Development/nuxt-labs/nuxt-monorepo-starter/packages/eslint-config/src/index.ts": {"path":"/home/johannes/Development/nuxt-labs/nuxt-monorepo-starter/packages/eslint-config/src/index.ts","statementMap":{"0":{"start":{"line":5,"column":36},"end":{"line":5,"column":null}},"1":{"start":{"line":6,"column":2},"end":{"line":9,"column":null}}},"fnMap":{"0":{"name":"enms","decl":{"start":{"line":4,"column":16},"end":{"line":4,"column":24}},"loc":{"start":{"line":4,"column":82},"end":{"line":10,"column":null}},"line":4}},"branchMap":{},"s":{"0":4,"1":4},"f":{"0":4},"b":{},"meta":{"lastBranch":0,"lastFunction":1,"lastStatement":2,"seen":{"f:4:16:4:24":0,"s:5:36:5:Infinity":0,"s:6:2:9:Infinity":1}}}
}
